DEBUG:root:Order:2 3 10.0
DEBUG:root:Finish turn

DEBUG:root:Order:2 4 10.0
DEBUG:root:Finish turn

DEBUG:root:Order:2 19 15.0
DEBUG:root:Finish turn

DEBUG:root:Order:2 20 15.0
DEBUG:root:Order:2 4 32
DEBUG:root:Finish turn

DEBUG:root:Order:2 15 20.0
DEBUG:root:Bad order:4 3.0 8
DEBUG:root:Finish turn

DEBUG:root:Order:2 16 20.0
DEBUG:root:Order:4 0 26.0
DEBUG:root:Order:4 2 4
DEBUG:root:Finish turn

DEBUG:root:Order:2 4 1
DEBUG:root:Finish turn

DEBUG:root:Order:2 19 6
DEBUG:root:Order:4 19 2
DEBUG:root:Finish turn

DEBUG:root:Order:2 19 2
DEBUG:root:Order:2 4 2
DEBUG:root:Finish turn

DEBUG:root:Order:2 19 1
DEBUG:root:Order:4 19 1
DEBUG:root:Finish turn

DEBUG:root:Order:2 19 1
DEBUG:root:Order:2 4 2
DEBUG:root:Finish turn

DEBUG:root:Order:2 15 6
DEBUG:root:Order:4 15 5
DEBUG:root:Order:19 15 2
DEBUG:root:Finish turn

DEBUG:root:Order:2 15 1
DEBUG:root:Order:2 19 1
DEBUG:root:Order:2 4 2
DEBUG:root:Finish turn

DEBUG:root:Order:2 19 1
DEBUG:root:Order:4 19 1
DEBUG:root:Finish turn

DEBUG:root:Order:2 19 1
DEBUG:root:Order:2 4 2
DEBUG:root:Finish turn

DEBUG:root:Order:2 19 1
DEBUG:root:Finish turn

DEBUG:root:Order:2 19 2
DEBUG:root:Finish turn

DEBUG:root:Order:2 19 3
DEBUG:root:Order:2 4 1
DEBUG:root:Finish turn

DEBUG:root:Order:2 0 8
DEBUG:root:Order:15 0 8
DEBUG:root:Order:4 0 6
DEBUG:root:Order:19 0 5
DEBUG:root:Finish turn

DEBUG:root:Order:2 19 18
DEBUG:root:Order:15 19 16
DEBUG:root:Order:4 19 1
DEBUG:root:Order:4 0 15
DEBUG:root:Finish turn

DEBUG:root:Order:2 0 1
DEBUG:root:Order:2 19 1
DEBUG:root:Order:2 4 3
DEBUG:root:Order:15 4 1
DEBUG:root:Finish turn

DEBUG:root:Order:4 0 2
DEBUG:root:Order:4 19 2
DEBUG:root:Finish turn

DEBUG:root:Order:2 0 1
DEBUG:root:Order:2 4 1
DEBUG:root:Order:2 19 1
DEBUG:root:Finish turn

DEBUG:root:Order:19 9 40.0
DEBUG:root:Order:2 19 11
DEBUG:root:Order:15 19 10
DEBUG:root:Order:4 19 7
DEBUG:root:Order:0 19 6
DEBUG:root:Finish turn

DEBUG:root:Order:2 0 1
DEBUG:root:Order:2 19 1
DEBUG:root:Order:2 4 2
DEBUG:root:Finish turn

DEBUG:root:Order:2 0 1
DEBUG:root:Order:2 19 1
DEBUG:root:Finish turn

DEBUG:root:Order:2 0 1
DEBUG:root:Order:15 0 1
DEBUG:root:Order:15 19 1
DEBUG:root:Finish turn

DEBUG:root:Order:19 10 40.0
DEBUG:root:Order:2 19 11
DEBUG:root:Order:4 19 8
DEBUG:root:Order:15 19 8
DEBUG:root:Bad order:0 4.0 6
DEBUG:root:Finish turn

DEBUG:root:Order:0 19 5
DEBUG:root:Order:2 19 3
DEBUG:root:Order:15 19 1
DEBUG:root:Finish turn

DEBUG:root:Order:2 0 1
DEBUG:root:Order:2 19 1
DEBUG:root:Order:2 4 2
DEBUG:root:Finish turn

DEBUG:root:Order:2 0 1
DEBUG:root:Order:2 19 1
DEBUG:root:Finish turn

DEBUG:root:Order:2 0 1
DEBUG:root:Order:15 0 1
DEBUG:root:Order:15 19 1
DEBUG:root:Finish turn

DEBUG:root:Order:19 5 46.0
DEBUG:root:Order:2 19 12
DEBUG:root:Order:4 19 9
DEBUG:root:Order:15 19 9
DEBUG:root:Order:0 19 7
DEBUG:root:Finish turn

DEBUG:root:Order:2 0 14
DEBUG:root:Order:15 0 12
DEBUG:root:Order:4 0 11
DEBUG:root:Order:19 0 7
DEBUG:root:Finish turn

DEBUG:root:Order:2 9 5
DEBUG:root:Order:15 9 3
DEBUG:root:Order:4 9 2
DEBUG:root:Order:4 0 2
DEBUG:root:Finish turn

DEBUG:root:Order:2 0 1
DEBUG:root:Order:2 4 1
DEBUG:root:Order:2 9 3
DEBUG:root:Order:15 9 1
DEBUG:root:Finish turn

DEBUG:root:Order:9 0 2
DEBUG:root:Order:9 4 1
DEBUG:root:Order:9 19 1
DEBUG:root:Finish turn

DEBUG:root:Order:2 0 1
DEBUG:root:Order:2 9 1
DEBUG:root:Order:2 19 1
DEBUG:root:Order:2 4 3
DEBUG:root:Order:15 4 1
DEBUG:root:Finish turn

DEBUG:root:Order:19 11 54.0
DEBUG:root:Bad order:4 19.0 30
DEBUG:root:Bad order:15 22.0 28
DEBUG:root:Bad order:2 21.0 27
DEBUG:root:Bad order:0 21.0 25
DEBUG:root:Finish turn

DEBUG:root:Bad order:2 26.0 29
DEBUG:root:Bad order:4 24.0 29
DEBUG:root:Bad order:15 25.0 28
DEBUG:root:Order:0 9 23
DEBUG:root:Finish turn

DEBUG:root:Order:2 9 31
DEBUG:root:Bad order:4 26.0 28
DEBUG:root:Order:15 9 28
DEBUG:root:Order:5 9 1
DEBUG:root:Bad order:5 0.0 1
DEBUG:root:Order:11 19 1
DEBUG:root:Finish turn

DEBUG:root:Order:4 0 7
DEBUG:root:Order:4 9 5
DEBUG:root:Order:4 15 3
DEBUG:root:Order:4 11 2
DEBUG:root:Order:4 2 1
DEBUG:root:Order:4 5 1
DEBUG:root:Finish turn

DEBUG:root:Order:4 0 2
DEBUG:root:Order:4 9 1
DEBUG:root:Order:4 15 3
DEBUG:root:Order:2 15 1
DEBUG:root:Order:5 15 1
DEBUG:root:Finish turn

DEBUG:root:Order:15 4 3
DEBUG:root:Order:2 4 1
DEBUG:root:Order:2 9 1
DEBUG:root:Order:5 9 1
DEBUG:root:Finish turn

DEBUG:root:Order:5 4 11
DEBUG:root:Order:2 4 10
DEBUG:root:Order:11 4 10
DEBUG:root:Order:15 4 9
DEBUG:root:Order:9 4 7
DEBUG:root:Finish turn

DEBUG:root:Order:2 4 1
DEBUG:root:Order:5 4 1
DEBUG:root:Finish turn

DEBUG:root:Order:2 10 4
DEBUG:root:Order:5 10 4
DEBUG:root:Order:11 10 3
DEBUG:root:Order:11 4 3
DEBUG:root:Order:15 4 1
DEBUG:root:Finish turn

DEBUG:root:Order:2 10 8
DEBUG:root:Order:4 10 8
DEBUG:root:Order:5 10 8
DEBUG:root:Order:15 10 6
DEBUG:root:Order:9 10 4
DEBUG:root:Order:11 10 4
DEBUG:root:Finish turn

DEBUG:root:Order:2 10 2
DEBUG:root:Order:5 10 1
DEBUG:root:Order:5 4 1
DEBUG:root:Order:5 9 1
DEBUG:root:Finish turn

DEBUG:root:Order:2 4 1
DEBUG:root:Order:2 9 1
DEBUG:root:Order:2 10 1
DEBUG:root:Order:2 15 1
DEBUG:root:Order:11 15 1
DEBUG:root:Finish turn

DEBUG:root:Order:5 4 1
DEBUG:root:Order:5 9 1
DEBUG:root:Order:5 10 1
DEBUG:root:Order:5 2 2
DEBUG:root:Order:11 2 1
DEBUG:root:Order:15 2 1
DEBUG:root:Finish turn

DEBUG:root:Order:9 13 62.0
DEBUG:root:Order:2 9 14
DEBUG:root:Order:11 9 10
DEBUG:root:Order:15 9 9
DEBUG:root:Order:5 9 8
DEBUG:root:Order:4 9 7
DEBUG:root:Order:10 9 7
DEBUG:root:Finish turn

DEBUG:root:Order:4 14 62.0
DEBUG:root:Order:2 4 10
DEBUG:root:Order:5 4 10
DEBUG:root:Order:11 4 9
DEBUG:root:Order:15 4 8
DEBUG:root:Order:9 4 7
DEBUG:root:Bad order:10 6.0 7
DEBUG:root:Finish turn

DEBUG:root:Order:10 4 6
DEBUG:root:Order:2 4 2
DEBUG:root:Order:5 4 2
DEBUG:root:Order:11 4 1
DEBUG:root:Order:11 9 1
DEBUG:root:Finish turn

DEBUG:root:Order:2 4 2
DEBUG:root:Order:2 9 1
DEBUG:root:Order:2 10 1
DEBUG:root:Finish turn

DEBUG:root:Order:9 7 64.0
DEBUG:root:Order:5 9 14
DEBUG:root:Order:11 9 11
DEBUG:root:Order:2 9 10
DEBUG:root:Order:15 9 10
DEBUG:root:Order:4 9 9
DEBUG:root:Finish turn

DEBUG:root:Order:2 9 1
DEBUG:root:Order:5 9 1
DEBUG:root:Order:5 4 1
DEBUG:root:Order:5 15 1
DEBUG:root:Finish turn

DEBUG:root:Order:2 4 1
DEBUG:root:Order:2 9 1
DEBUG:root:Finish turn

DEBUG:root:Order:2 4 1
DEBUG:root:Order:5 4 1
DEBUG:root:Order:5 9 1
DEBUG:root:Order:11 9 1
DEBUG:root:Order:11 15 1
DEBUG:root:Finish turn

DEBUG:root:Order:2 4 1
DEBUG:root:Order:2 9 1
DEBUG:root:Finish turn

DEBUG:root:Order:5 4 2
DEBUG:root:Order:5 9 2
DEBUG:root:Order:5 15 2
DEBUG:root:Order:2 15 1
DEBUG:root:Finish turn

DEBUG:root:Order:4 8 64.0
DEBUG:root:Order:2 4 14
DEBUG:root:Order:15 4 14
DEBUG:root:Order:11 4 13
DEBUG:root:Order:5 4 10
DEBUG:root:Finish turn

DEBUG:root:Order:2 9 9
DEBUG:root:Order:5 9 9
DEBUG:root:Order:11 9 8
DEBUG:root:Order:15 9 1
DEBUG:root:Order:15 14 7
DEBUG:root:Order:4 14 3
DEBUG:root:Finish turn

DEBUG:root:Order:2 14 16
DEBUG:root:Order:5 14 16
DEBUG:root:Order:11 14 15
DEBUG:root:Order:4 14 13
DEBUG:root:Bad order:15 11.0 13
DEBUG:root:Finish turn

DEBUG:root:Order:15 14 12
DEBUG:root:Order:2 14 1
DEBUG:root:Order:5 14 1
DEBUG:root:Order:5 4 1
DEBUG:root:Finish turn

DEBUG:root:Order:2 4 1
DEBUG:root:Finish turn

DEBUG:root:Order:2 4 1
DEBUG:root:Order:5 4 1
DEBUG:root:Finish turn

DEBUG:root:Order:2 15 1
DEBUG:root:Order:5 15 1
DEBUG:root:Order:5 14 1
DEBUG:root:Finish turn

DEBUG:root:Order:2 15 1
DEBUG:root:Finish turn

DEBUG:root:Order:2 4 9
DEBUG:root:Order:5 4 9
DEBUG:root:Order:11 4 8
DEBUG:root:Order:15 4 6
DEBUG:root:Finish turn

DEBUG:root:Order:2 9 16
DEBUG:root:Order:5 9 16
DEBUG:root:Order:11 9 15
DEBUG:root:Order:15 9 14
DEBUG:root:Order:4 9 4
DEBUG:root:Bad order:4 2.0 5
DEBUG:root:Bad order:4 2.0 5
DEBUG:root:Finish turn

DEBUG:root:Bad order:4 13.0 20
DEBUG:root:Bad order:2 12.0 17
DEBUG:root:Bad order:5 12.0 17
DEBUG:root:Bad order:11 11.0 16
DEBUG:root:Bad order:15 7.0 15
DEBUG:root:Order:9 13 13
DEBUG:root:Finish turn

DEBUG:root:Bad order:2 17.0 19
DEBUG:root:Bad order:4 15.0 19
DEBUG:root:Bad order:5 17.0 19
DEBUG:root:Bad order:11 15.0 17
DEBUG:root:Bad order:15 10.0 15
DEBUG:root:Bad order:8 1.0 3
DEBUG:root:Finish turn

DEBUG:root:Bad order:2 22.0 27
DEBUG:root:Bad order:5 22.0 27
DEBUG:root:Order:4 13 24
DEBUG:root:Bad order:11 19.0 24
DEBUG:root:Order:9 13 4
DEBUG:root:Finish turn

DEBUG:root:Bad order:2 27.0 29
DEBUG:root:Order:2 8 23
DEBUG:root:Bad order:2 4.0 20
DEBUG:root:Bad order:2 4.0 18
DEBUG:root:Finish turn

DEBUG:root:Order:5 13 28
DEBUG:root:Bad order:5 4.0 22
DEBUG:root:Bad order:5 4.0 17
DEBUG:root:Order:5 8 2
DEBUG:root:Finish turn

DEBUG:root:Order:11 7 24
DEBUG:root:Bad order:11 7.0 16
DEBUG:root:Order:11 8 2
DEBUG:root:Bad order:11 5.0 29
DEBUG:root:Order:2 4 12
DEBUG:root:Order:5 4 5
DEBUG:root:Finish turn

DEBUG:root:Order:4 14 15
DEBUG:root:Order:11 14 1
DEBUG:root:Order:11 7 3
DEBUG:root:Order:11 8 3
DEBUG:root:Order:11 9 2
DEBUG:root:Finish turn

DEBUG:root:Order:2 11 3
DEBUG:root:Order:5 11 1
DEBUG:root:Order:5 7 2
DEBUG:root:Order:5 8 2
DEBUG:root:Order:5 4 1
DEBUG:root:Order:5 9 1
DEBUG:root:Order:5 15 3
DEBUG:root:Order:13 15 1
DEBUG:root:Finish turn

DEBUG:root:Order:15 5 3
DEBUG:root:Order:2 5 1
DEBUG:root:Order:2 7 2
DEBUG:root:Order:2 4 1
DEBUG:root:Order:2 9 1
DEBUG:root:Finish turn

DEBUG:root:Order:13 7 2
DEBUG:root:Order:13 4 1
DEBUG:root:Order:13 9 1
DEBUG:root:Order:13 2 2
DEBUG:root:Order:14 2 2
DEBUG:root:Order:5 2 1
DEBUG:root:Order:11 2 1
DEBUG:root:Finish turn

DEBUG:root:Order:9 21 76.0
DEBUG:root:Order:2 9 16
DEBUG:root:Order:5 9 11
DEBUG:root:Order:11 9 10
DEBUG:root:Order:14 9 10
DEBUG:root:Order:15 9 9
DEBUG:root:Order:4 9 7
DEBUG:root:Finish turn

DEBUG:root:Order:2 9 2
DEBUG:root:Order:5 9 2
DEBUG:root:Order:11 9 1
DEBUG:root:Order:14 9 1
DEBUG:root:Order:14 4 1
DEBUG:root:Finish turn

DEBUG:root:Order:2 15 9
DEBUG:root:Order:5 15 9
DEBUG:root:Order:11 15 8
DEBUG:root:Order:4 15 6
DEBUG:root:Order:9 15 5
DEBUG:root:Finish turn

DEBUG:root:Order:2 4 1
DEBUG:root:Order:2 9 1
DEBUG:root:Order:2 15 1
DEBUG:root:Finish turn

DEBUG:root:Order:5 8 13
DEBUG:root:Order:11 8 11
DEBUG:root:Order:2 8 10
DEBUG:root:Order:15 8 9
DEBUG:root:Order:4 8 8
DEBUG:root:Finish turn

DEBUG:root:Order:2 8 1
DEBUG:root:Order:5 8 1
DEBUG:root:Order:5 4 1
DEBUG:root:Order:5 15 1
DEBUG:root:Finish turn

DEBUG:root:Order:2 8 2
DEBUG:root:Order:2 4 1
DEBUG:root:Finish turn

DEBUG:root:Order:5 8 2
DEBUG:root:Order:11 8 1
DEBUG:root:Order:11 4 2
DEBUG:root:Finish turn

DEBUG:root:Order:2 8 2
DEBUG:root:Order:2 4 1
DEBUG:root:Order:2 11 2
DEBUG:root:Order:5 11 1
DEBUG:root:Finish turn

DEBUG:root:Order:5 11 12
DEBUG:root:Order:2 11 9
DEBUG:root:Order:15 11 9
DEBUG:root:Order:4 11 8
DEBUG:root:Order:8 11 7
DEBUG:root:Finish turn

DEBUG:root:Order:2 11 2
DEBUG:root:Order:5 11 1
DEBUG:root:Order:5 8 1
DEBUG:root:Order:5 4 2
DEBUG:root:Finish turn

DEBUG:root:Order:2 8 2
DEBUG:root:Finish turn

DEBUG:root:Order:2 8 1
DEBUG:root:Order:5 8 1
DEBUG:root:Finish turn

DEBUG:root:Order:2 21 5
DEBUG:root:Order:5 21 5
DEBUG:root:Order:11 21 4
DEBUG:root:Order:15 21 2
DEBUG:root:Finish turn

DEBUG:root:Order:2 21 14
DEBUG:root:Order:5 21 14
DEBUG:root:Order:11 21 13
DEBUG:root:Order:15 21 12
DEBUG:root:Order:4 21 11
DEBUG:root:Order:8 21 9
DEBUG:root:Finish turn

DEBUG:root:Order:2 15 10
DEBUG:root:Order:5 15 10
DEBUG:root:Order:11 15 9
DEBUG:root:Order:4 15 7
DEBUG:root:Order:8 15 6
DEBUG:root:Order:21 15 6
DEBUG:root:Finish turn

DEBUG:root:Order:2 8 1
DEBUG:root:Order:5 8 1
DEBUG:root:Order:5 4 1
DEBUG:root:Order:5 15 1
DEBUG:root:Finish turn

DEBUG:root:Order:11 22 76.0
DEBUG:root:Bad order:2 15.0 30
DEBUG:root:Bad order:5 15.0 28
DEBUG:root:Bad order:15 22.0 28
DEBUG:root:Bad order:21 7.0 27
DEBUG:root:Order:8 4 25
DEBUG:root:Finish turn

DEBUG:root:Bad order:2 22.0 31
DEBUG:root:Bad order:5 20.0 29
DEBUG:root:Bad order:15 25.0 27
DEBUG:root:Bad order:21 10.0 26
DEBUG:root:Finish turn

DEBUG:root:Bad order:2 27.0 31
DEBUG:root:Bad order:5 25.0 29
DEBUG:root:Order:15 4 25
DEBUG:root:Bad order:21 13.0 24
DEBUG:root:Finish turn

DEBUG:root:Order:2 4 25
DEBUG:root:Order:5 4 23
DEBUG:root:Order:21 4 8
DEBUG:root:Order:21 15 8
DEBUG:root:Finish turn

DEBUG:root:Order:2 4 1
DEBUG:root:Order:2 15 1
DEBUG:root:Order:5 15 1
DEBUG:root:Finish turn

DEBUG:root:Order:5 4 1
DEBUG:root:Finish turn

DEBUG:root:Order:2 4 2
DEBUG:root:Order:2 21 1
DEBUG:root:Finish turn

DEBUG:root:Order:5 4 2
DEBUG:root:Order:5 21 1
DEBUG:root:Order:5 15 3
DEBUG:root:Finish turn

DEBUG:root:Order:2 4 1
DEBUG:root:Order:15 4 1
DEBUG:root:Order:15 5 1
DEBUG:root:Finish turn

DEBUG:root:Order:2 22 7
DEBUG:root:Order:5 22 6
DEBUG:root:Order:15 22 4
DEBUG:root:Order:4 22 3
DEBUG:root:Finish turn

DEBUG:root:Order:2 15 27
DEBUG:root:Order:5 15 27
DEBUG:root:Order:4 15 10
DEBUG:root:Order:4 22 14
DEBUG:root:Finish turn

DEBUG:root:Order:2 4 1
DEBUG:root:Order:2 15 1
DEBUG:root:Order:2 22 1
DEBUG:root:Finish turn

DEBUG:root:Bad order:5 11.0 23
DEBUG:root:Order:15 2 19
DEBUG:root:Order:4 2 18
DEBUG:root:Finish turn

DEBUG:root:Bad order:15 5.0 16
DEBUG:root:Order:4 5 15
DEBUG:root:Finish turn

DEBUG:root:Bad order:15 8.0 23
DEBUG:root:Order:4 21 6
DEBUG:root:Order:2 21 1
DEBUG:root:Finish turn

DEBUG:root:Bad order:15 12.0 23
DEBUG:root:Order:2 21 2
DEBUG:root:Finish turn

DEBUG:root:Bad order:15 15.0 22
DEBUG:root:Order:2 21 1
DEBUG:root:Order:5 21 1
DEBUG:root:Finish turn

DEBUG:root:Order:15 21 22
DEBUG:root:Order:15 4 4
DEBUG:root:Finish turn

DEBUG:root:Order:2 15 3
DEBUG:root:Order:5 15 1
DEBUG:root:Order:5 4 1
DEBUG:root:Order:5 21 3
DEBUG:root:Finish turn

DEBUG:root:Order:2 4 1
DEBUG:root:Order:21 4 1
DEBUG:root:Order:21 15 1
DEBUG:root:Order:21 5 1
DEBUG:root:Finish turn

DEBUG:root:Order:2 4 1
DEBUG:root:Order:5 4 1
DEBUG:root:Order:5 15 1
DEBUG:root:Finish turn

DEBUG:root:Order:2 4 2
DEBUG:root:Order:2 15 1
DEBUG:root:Finish turn

DEBUG:root:Order:5 4 1
DEBUG:root:Order:5 15 2
DEBUG:root:Finish turn

DEBUG:root:Order:2 4 1
DEBUG:root:Finish turn

DEBUG:root:Order:2 5 20
DEBUG:root:Finish turn

DEBUG:root:Order:2 4 3
DEBUG:root:Order:5 4 3
DEBUG:root:Finish turn

DEBUG:root:Order:5 4 2
DEBUG:root:Finish turn

DEBUG:root:Order:5 4 1
DEBUG:root:Finish turn

DEBUG:root:Order:5 4 2
DEBUG:root:Finish turn

DEBUG:root:Order:5 4 1
DEBUG:root:Finish turn

DEBUG:root:Order:5 4 2
DEBUG:root:Finish turn

DEBUG:root:Order:5 4 1
DEBUG:root:Finish turn

DEBUG:root:Order:5 4 2
DEBUG:root:Finish turn

DEBUG:root:Order:5 4 1
DEBUG:root:Finish turn

DEBUG:root:Order:5 4 2
DEBUG:root:Finish turn

DEBUG:root:Order:5 4 1
DEBUG:root:Finish turn

DEBUG:root:Order:5 4 2
DEBUG:root:Finish turn

DEBUG:root:Order:5 4 1
DEBUG:root:Finish turn

DEBUG:root:Order:5 4 2
DEBUG:root:Finish turn

DEBUG:root:Order:5 4 1
DEBUG:root:Finish turn

DEBUG:root:Order:5 4 2
DEBUG:root:Finish turn

DEBUG:root:Order:5 4 1
DEBUG:root:Finish turn

DEBUG:root:Order:5 4 2
DEBUG:root:Finish turn

DEBUG:root:Order:5 4 1
DEBUG:root:Finish turn

DEBUG:root:Order:5 4 2
DEBUG:root:Finish turn

DEBUG:root:Order:5 4 1
DEBUG:root:Finish turn

DEBUG:root:Order:5 4 2
DEBUG:root:Finish turn

DEBUG:root:Order:5 4 1
DEBUG:root:Finish turn

DEBUG:root:Order:5 4 2
DEBUG:root:Finish turn

DEBUG:root:Order:5 4 1
DEBUG:root:Finish turn

DEBUG:root:Order:5 4 2
DEBUG:root:Finish turn

DEBUG:root:Order:5 4 1
DEBUG:root:Finish turn

DEBUG:root:Bad order:5 88.0 132
DEBUG:root:Finish turn

DEBUG:root:Order:5 4 54
DEBUG:root:Finish turn

DEBUG:root:Order:5 4 1
DEBUG:root:Finish turn

DEBUG:root:Order:5 4 2
DEBUG:root:Finish turn

DEBUG:root:Order:5 4 1
DEBUG:root:Finish turn

DEBUG:root:Order:5 4 2
DEBUG:root:Finish turn

DEBUG:root:Order:5 4 1
DEBUG:root:Finish turn

DEBUG:root:Order:5 4 2
DEBUG:root:Finish turn

DEBUG:root:Order:5 4 1
DEBUG:root:Finish turn

DEBUG:root:Order:5 4 2
DEBUG:root:Finish turn

DEBUG:root:Order:5 4 1
DEBUG:root:Finish turn

DEBUG:root:Order:5 4 2
DEBUG:root:Finish turn

DEBUG:root:Order:5 4 1
DEBUG:root:Finish turn

DEBUG:root:Order:5 4 2
DEBUG:root:Finish turn

DEBUG:root:Finish turn

DEBUG:root:Finish turn

DEBUG:root:Finish turn

DEBUG:root:Finish turn

DEBUG:root:Finish turn

DEBUG:root:Finish turn

DEBUG:root:Finish turn

DEBUG:root:Finish turn

DEBUG:root:Finish turn

DEBUG:root:Finish turn

DEBUG:root:Finish turn

DEBUG:root:Finish turn

